<?xml version="1.0" encoding="UTF-8"?>
<testsuite xmlns:xsi="http://www.w3.org/2001/XMLSchema-instance" xsi:noNamespaceSchemaLocation="https://maven.apache.org/surefire/maven-surefire-plugin/xsd/surefire-test-report.xsd" name="CalcTests" time="0.04" tests="3" errors="0" skipped="0" failures="1">
  <properties>
[...]
</properties>
  <testcase name="testAdd" classname="CalcTests" time="0.022"/>
  <testcase name="testSub" classname="CalcTests" time="0"/>
  <testcase name="failTest" classname="CalcTests" time="0.011">
    <failure type="org.opentest4j.AssertionFailedError:">org.opentest4j.AssertionFailedError: 
	at CalcTests.failTest(CalcTests.java:34)
</failure>
  </testcase>
</testsuite>